# JRE version: OpenJDK Runtime Environment (8.0_152-b06) (build 1.8.0_152-release-1136-b06)
# Java VM: OpenJDK 64-Bit Server VM (25.152-b06 mixed mode windows-amd64 compressed oops)
Heap:
 PSYoungGen      total 421888K, used 306928K [0x00000000d5580000, 0x00000000f6200000, 0x0000000100000000)
  eden space 387584K, 76% used [0x00000000d5580000,0x00000000e7874750,0x00000000ed000000)
  from space 34304K, 26% used [0x00000000ed000000,0x00000000ed8c7a30,0x00000000ef180000)
  to   space 33280K, 0% used [0x00000000f4180000,0x00000000f4180000,0x00000000f6200000)
 ParOldGen       total 147968K, used 63475K [0x0000000080000000, 0x0000000089080000, 0x00000000d5580000)
  object space 147968K, 42% used [0x0000000080000000,0x0000000083dfce80,0x0000000089080000)
 Metaspace       used 82447K, capacity 85824K, committed 85848K, reserved 1124352K
  class space    used 10473K, capacity 11119K, committed 11136K, reserved 1048576K
GC Heap History (10 events):
Event: 45.286 GC heap before
{Heap before GC invocations=16 (full 3):
 PSYoungGen      total 283648K, used 280829K [0x00000000d5580000, 0x00000000e8c80000, 0x0000000100000000)
  eden space 256000K, 100% used [0x00000000d5580000,0x00000000e4f80000,0x00000000e4f80000)
  from space 27648K, 89% used [0x00000000e6d80000,0x00000000e85bf6d8,0x00000000e8880000)
  to   space 30720K, 0% used [0x00000000e4f80000,0x00000000e4f80000,0x00000000e6d80000)
 ParOldGen       total 147968K, used 48371K [0x0000000080000000, 0x0000000089080000, 0x00000000d5580000)
  object space 147968K, 32% used [0x0000000080000000,0x0000000082f3ceb0,0x0000000089080000)
 Metaspace       used 75427K, capacity 78012K, committed 78168K, reserved 1118208K
  class space    used 9761K, capacity 10313K, committed 10368K, reserved 1048576K
Event: 45.328 GC heap after
Heap after GC invocations=16 (full 3):
 PSYoungGen      total 286720K, used 30700K [0x00000000d5580000, 0x00000000ed300000, 0x0000000100000000)
  eden space 256000K, 0% used [0x00000000d5580000,0x00000000d5580000,0x00000000e4f80000)
  from space 30720K, 99% used [0x00000000e4f80000,0x00000000e6d7b018,0x00000000e6d80000)
  to   space 36352K, 0% used [0x00000000eaf80000,0x00000000eaf80000,0x00000000ed300000)
 ParOldGen       total 147968K, used 50725K [0x0000000080000000, 0x0000000089080000, 0x00000000d5580000)
  object space 147968K, 34% used [0x0000000080000000,0x0000000083189538,0x0000000089080000)
 Metaspace       used 75427K, capacity 78012K, committed 78168K, reserved 1118208K
  class space    used 9761K, capacity 10313K, committed 10368K, reserved 1048576K
}
Event: 48.830 GC heap before
{Heap before GC invocations=17 (full 3):
 PSYoungGen      total 286720K, used 286700K [0x00000000d5580000, 0x00000000ed300000, 0x0000000100000000)
  eden space 256000K, 100% used [0x00000000d5580000,0x00000000e4f80000,0x00000000e4f80000)
  from space 30720K, 99% used [0x00000000e4f80000,0x00000000e6d7b018,0x00000000e6d80000)
  to   space 36352K, 0% used [0x00000000eaf80000,0x00000000eaf80000,0x00000000ed300000)
 ParOldGen       total 147968K, used 50725K [0x0000000080000000, 0x0000000089080000, 0x00000000d5580000)
  object space 147968K, 34% used [0x0000000080000000,0x0000000083189538,0x0000000089080000)
 Metaspace       used 76473K, capacity 79218K, committed 79320K, reserved 1118208K
  class space    used 9892K, capacity 10466K, committed 10496K, reserved 1048576K
Event: 48.855 GC heap after
Heap after GC invocations=17 (full 3):
 PSYoungGen      total 347136K, used 4826K [0x00000000d5580000, 0x00000000ecf80000, 0x0000000100000000)
  eden space 314368K, 0% used [0x00000000d5580000,0x00000000d5580000,0x00000000e8880000)
  from space 32768K, 14% used [0x00000000eaf80000,0x00000000eb436970,0x00000000ecf80000)
  to   space 36352K, 0% used [0x00000000e8880000,0x00000000e8880000,0x00000000eac00000)
 ParOldGen       total 147968K, used 62218K [0x0000000080000000, 0x0000000089080000, 0x00000000d5580000)
  object space 147968K, 42% used [0x0000000080000000,0x0000000083cc28c0,0x0000000089080000)
 Metaspace       used 76473K, capacity 79218K, committed 79320K, reserved 1118208K
  class space    used 9892K, capacity 10466K, committed 10496K, reserved 1048576K
}
Event: 49.989 GC heap before
{Heap before GC invocations=18 (full 3):
 PSYoungGen      total 347136K, used 318688K [0x00000000d5580000, 0x00000000ecf80000, 0x0000000100000000)
  eden space 314368K, 99% used [0x00000000d5580000,0x00000000e8801818,0x00000000e8880000)
  from space 32768K, 14% used [0x00000000eaf80000,0x00000000eb436970,0x00000000ecf80000)
  to   space 36352K, 0% used [0x00000000e8880000,0x00000000e8880000,0x00000000eac00000)
 ParOldGen       total 147968K, used 62218K [0x0000000080000000, 0x0000000089080000, 0x00000000d5580000)
  object space 147968K, 42% used [0x0000000080000000,0x0000000083cc28c0,0x0000000089080000)
 Metaspace       used 77533K, capacity 80428K, committed 80600K, reserved 1120256K
  class space    used 10043K, capacity 10637K, committed 10752K, reserved 1048576K
Event: 50.003 GC heap after
Heap after GC invocations=18 (full 3):
 PSYoungGen      total 350720K, used 8998K [0x00000000d5580000, 0x00000000f1380000, 0x0000000100000000)
  eden space 314368K, 0% used [0x00000000d5580000,0x00000000d5580000,0x00000000e8880000)
  from space 36352K, 24% used [0x00000000e8880000,0x00000000e9149ac8,0x00000000eac00000)
  to   space 34816K, 0% used [0x00000000ef180000,0x00000000ef180000,0x00000000f1380000)
 ParOldGen       total 147968K, used 62226K [0x0000000080000000, 0x0000000089080000, 0x00000000d5580000)
  object space 147968K, 42% used [0x0000000080000000,0x0000000083cc48c0,0x0000000089080000)
 Metaspace       used 77533K, capacity 80428K, committed 80600K, reserved 1120256K
  class space    used 10043K, capacity 10637K, committed 10752K, reserved 1048576K
}
Event: 50.090 GC heap before
{Heap before GC invocations=19 (full 3):
 PSYoungGen      total 350720K, used 322365K [0x00000000d5580000, 0x00000000f1380000, 0x0000000100000000)
  eden space 314368K, 99% used [0x00000000d5580000,0x00000000e8785a20,0x00000000e8880000)
  from space 36352K, 24% used [0x00000000e8880000,0x00000000e9149ac8,0x00000000eac00000)
  to   space 34816K, 0% used [0x00000000ef180000,0x00000000ef180000,0x00000000f1380000)
 ParOldGen       total 147968K, used 62226K [0x0000000080000000, 0x0000000089080000, 0x00000000d5580000)
  object space 147968K, 42% used [0x0000000080000000,0x0000000083cc48c0,0x0000000089080000)
 Metaspace       used 77544K, capacity 80428K, committed 80600K, reserved 1120256K
  class space    used 10043K, capacity 10637K, committed 10752K, reserved 1048576K
Event: 50.097 GC heap after
Heap after GC invocations=19 (full 3):
 PSYoungGen      total 422400K, used 3764K [0x00000000d5580000, 0x00000000f3b00000, 0x0000000100000000)
  eden space 387584K, 0% used [0x00000000d5580000,0x00000000d5580000,0x00000000ed000000)
  from space 34816K, 10% used [0x00000000ef180000,0x00000000ef52d100,0x00000000f1380000)
  to   space 34304K, 0% used [0x00000000ed000000,0x00000000ed000000,0x00000000ef180000)
 ParOldGen       total 147968K, used 62234K [0x0000000080000000, 0x0000000089080000, 0x00000000d5580000)
  object space 147968K, 42% used [0x0000000080000000,0x0000000083cc68c0,0x0000000089080000)
 Metaspace       used 77544K, capacity 80428K, committed 80600K, reserved 1120256K
  class space    used 10043K, capacity 10637K, committed 10752K, reserved 1048576K
}
Event: 75.020 GC heap before
{Heap before GC invocations=20 (full 3):
 PSYoungGen      total 422400K, used 390376K [0x00000000d5580000, 0x00000000f3b00000, 0x0000000100000000)
  eden space 387584K, 99% used [0x00000000d5580000,0x00000000ecf0d128,0x00000000ed000000)
  from space 34816K, 10% used [0x00000000ef180000,0x00000000ef52d100,0x00000000f1380000)
  to   space 34304K, 0% used [0x00000000ed000000,0x00000000ed000000,0x00000000ef180000)
 ParOldGen       total 147968K, used 62234K [0x0000000080000000, 0x0000000089080000, 0x00000000d5580000)
  object space 147968K, 42% used [0x0000000080000000,0x0000000083cc68c0,0x0000000089080000)
 Metaspace       used 81309K, capacity 84562K, committed 84696K, reserved 1122304K
  class space    used 10371K, capacity 11006K, committed 11008K, reserved 1048576K
Event: 75.036 GC heap after
Heap after GC invocations=20 (full 3):
 PSYoungGen      total 421888K, used 8990K [0x00000000d5580000, 0x00000000f6200000, 0x0000000100000000)
  eden space 387584K, 0% used [0x00000000d5580000,0x00000000d5580000,0x00000000ed000000)
  from space 34304K, 26% used [0x00000000ed000000,0x00000000ed8c7a30,0x00000000ef180000)
  to   space 33280K, 0% used [0x00000000f4180000,0x00000000f4180000,0x00000000f6200000)
 ParOldGen       total 147968K, used 63475K [0x0000000080000000, 0x0000000089080000, 0x00000000d5580000)
  object space 147968K, 42% used [0x0000000080000000,0x0000000083dfce80,0x0000000089080000)
 Metaspace       used 81309K, capacity 84562K, committed 84696K, reserved 1122304K
  class space    used 10371K, capacity 11006K, committed 11008K, reserved 1048576K
}

